c:\users\kseni\onedrive\робочий стіл\binarytreevisualiser-master\debug\vc143.pdb
c:\users\kseni\onedrive\робочий стіл\binarytreevisualiser-master\debug\moc_visualtree.obj
c:\users\kseni\onedrive\робочий стіл\binarytreevisualiser-master\debug\main.obj
c:\users\kseni\onedrive\робочий стіл\binarytreevisualiser-master\debug\visualtree.obj
c:\users\kseni\onedrive\робочий стіл\binarytreevisualiser-master\debug\tree.obj
c:\users\kseni\onedrive\робочий стіл\binarytreevisualiser-master\debug\treevisualization.exe
c:\users\kseni\onedrive\робочий стіл\binarytreevisualiser-master\debug\treevisualization.pdb
c:\users\kseni\onedrive\робочий стіл\binarytreevisualiser-master\debug\moc_visualtree.cpp
c:\users\kseni\onedrive\робочий стіл\binarytreevisualiser-master\ui_visualtree.h
c:\users\kseni\onedrive\робочий стіл\binarytreevisualiser-master\debug\treevisualization.ilk
c:\users\kseni\onedrive\робочий стіл\binarytreevisualiser-master\debug\treevisu.e8f06c22.tlog\cl.command.1.tlog
c:\users\kseni\onedrive\робочий стіл\binarytreevisualiser-master\debug\treevisu.e8f06c22.tlog\cl.items.tlog
c:\users\kseni\onedrive\робочий стіл\binarytreevisualiser-master\debug\treevisu.e8f06c22.tlog\cl.read.1.tlog
c:\users\kseni\onedrive\робочий стіл\binarytreevisualiser-master\debug\treevisu.e8f06c22.tlog\cl.write.1.tlog
c:\users\kseni\onedrive\робочий стіл\binarytreevisualiser-master\debug\treevisu.e8f06c22.tlog\link.command.1.tlog
c:\users\kseni\onedrive\робочий стіл\binarytreevisualiser-master\debug\treevisu.e8f06c22.tlog\link.read.1.tlog
c:\users\kseni\onedrive\робочий стіл\binarytreevisualiser-master\debug\treevisu.e8f06c22.tlog\link.secondary.1.tlog
c:\users\kseni\onedrive\робочий стіл\binarytreevisualiser-master\debug\treevisu.e8f06c22.tlog\link.write.1.tlog
c:\users\kseni\onedrive\робочий стіл\binarytreevisualiser-master\debug\treevisu.e8f06c22.tlog\moc.read.1u.tlog
c:\users\kseni\onedrive\робочий стіл\binarytreevisualiser-master\debug\treevisu.e8f06c22.tlog\moc.write.1u.tlog
c:\users\kseni\onedrive\робочий стіл\binarytreevisualiser-master\debug\treevisu.e8f06c22.tlog\treevisualization.write.1u.tlog
c:\users\kseni\onedrive\робочий стіл\binarytreevisualiser-master\debug\treevisu.e8f06c22.tlog\uic.read.1u.tlog
c:\users\kseni\onedrive\робочий стіл\binarytreevisualiser-master\debug\treevisu.e8f06c22.tlog\uic.write.1u.tlog
