  Algorithms.cpp
  GUI.cpp
C:\Users\kseni\source\repos\TA_labs\Laboratorka2\Laboratorka2\Algorithms.cpp(49,46): warning C4244: '=': conversion from '_Rep' to 'int', possible loss of data
C:\Users\kseni\source\repos\TA_labs\Laboratorka2\Laboratorka2\Algorithms.cpp(49,46): warning C4244:         with
C:\Users\kseni\source\repos\TA_labs\Laboratorka2\Laboratorka2\Algorithms.cpp(49,46): warning C4244:         [
C:\Users\kseni\source\repos\TA_labs\Laboratorka2\Laboratorka2\Algorithms.cpp(49,46): warning C4244:             _Rep=__int64
C:\Users\kseni\source\repos\TA_labs\Laboratorka2\Laboratorka2\Algorithms.cpp(49,46): warning C4244:         ]
C:\Users\kseni\source\repos\TA_labs\Laboratorka2\Laboratorka2\Algorithms.cpp(90,46): warning C4244: '=': conversion from '_Rep' to 'int', possible loss of data
C:\Users\kseni\source\repos\TA_labs\Laboratorka2\Laboratorka2\Algorithms.cpp(90,46): warning C4244:         with
C:\Users\kseni\source\repos\TA_labs\Laboratorka2\Laboratorka2\Algorithms.cpp(90,46): warning C4244:         [
C:\Users\kseni\source\repos\TA_labs\Laboratorka2\Laboratorka2\Algorithms.cpp(90,46): warning C4244:             _Rep=__int64
C:\Users\kseni\source\repos\TA_labs\Laboratorka2\Laboratorka2\Algorithms.cpp(90,46): warning C4244:         ]
C:\Users\kseni\source\repos\TA_labs\Laboratorka2\Laboratorka2\GUI.h(338,11): warning C4101: 'startPoint': unreferenced local variable
  (compiling source file 'GUI.cpp')
  
C:\Users\kseni\source\repos\TA_labs\Laboratorka2\Laboratorka2\GUI.cpp(41,1): warning C4829: Possibly incorrect parameters to function main. Consider 'int main(Platform::Array<Platform::String^>^ argv)'
  SecondForm.cpp
  .NETFramework,Version=v4.7.2.AssemblyAttributes.cpp
  Generating Code...
  Algorithms.obj : MSIL module encountered; incremental linking is disabled for MSIL; performing full link
  Laboratorka2.vcxproj -> C:\Users\kseni\source\repos\TA_labs\Laboratorka2\x64\Debug\Laboratorka2.exe
